{"/home/ricky/Documents/hacktiv8/final-project/mamed-server/app.js": {"path":"/home/ricky/Documents/hacktiv8/final-project/mamed-server/app.js","statementMap":{"0":{"start":{"line":1,"column":12},"end":{"line":1,"column":32}},"1":{"start":{"line":2,"column":0},"end":{"line":2,"column":71}},"2":{"start":{"line":2,"column":45},"end":{"line":2,"column":71}},"3":{"start":{"line":4,"column":16},"end":{"line":4,"column":34}},"4":{"start":{"line":5,"column":17},"end":{"line":5,"column":36}},"5":{"start":{"line":6,"column":13},"end":{"line":6,"column":28}},"6":{"start":{"line":8,"column":12},"end":{"line":8,"column":21}},"7":{"start":{"line":9,"column":0},"end":{"line":9,"column":15}},"8":{"start":{"line":11,"column":19},"end":{"line":11,"column":53}},"9":{"start":{"line":12,"column":21},"end":{"line":12,"column":59}},"10":{"start":{"line":13,"column":15},"end":{"line":13,"column":34}},"11":{"start":{"line":15,"column":0},"end":{"line":22,"column":41}},"12":{"start":{"line":21,"column":14},"end":{"line":21,"column":44}},"13":{"start":{"line":22,"column":20},"end":{"line":22,"column":40}},"14":{"start":{"line":24,"column":0},"end":{"line":24,"column":47}},"15":{"start":{"line":25,"column":0},"end":{"line":25,"column":23}},"16":{"start":{"line":27,"column":0},"end":{"line":27,"column":15}},"17":{"start":{"line":29,"column":0},"end":{"line":29,"column":21}},"18":{"start":{"line":30,"column":0},"end":{"line":30,"column":20}}},"fnMap":{"0":{"name":"(anonymous_0)","decl":{"start":{"line":21,"column":8},"end":{"line":21,"column":9}},"loc":{"start":{"line":21,"column":14},"end":{"line":21,"column":44}},"line":21},"1":{"name":"(anonymous_1)","decl":{"start":{"line":22,"column":9},"end":{"line":22,"column":10}},"loc":{"start":{"line":22,"column":20},"end":{"line":22,"column":40}},"line":22}},"branchMap":{"0":{"loc":{"start":{"line":2,"column":0},"end":{"line":2,"column":71}},"type":"if","locations":[{"start":{"line":2,"column":0},"end":{"line":2,"column":71}},{"start":{"line":2,"column":0},"end":{"line":2,"column":71}}],"line":2},"1":{"loc":{"start":{"line":2,"column":4},"end":{"line":2,"column":43}},"type":"binary-expr","locations":[{"start":{"line":2,"column":4},"end":{"line":2,"column":25}},{"start":{"line":2,"column":29},"end":{"line":2,"column":43}}],"line":2}},"s":{"0":1,"1":1,"2":1,"3":1,"4":1,"5":1,"6":1,"7":1,"8":1,"9":1,"10":1,"11":1,"12":1,"13":0,"14":1,"15":1,"16":1,"17":1,"18":1},"f":{"0":1,"1":0},"b":{"0":[1,0],"1":[1,1]},"_coverageSchema":"1a1c01bbd47fc00a2c39e90264f33305004495a9","hash":"0b0ad940c957730e6be5854b11d7f6a2694addf9"}
,"/home/ricky/Documents/hacktiv8/final-project/mamed-server/controllers/account-controller.js": {"path":"/home/ricky/Documents/hacktiv8/final-project/mamed-server/controllers/account-controller.js","statementMap":{"0":{"start":{"line":1,"column":20},"end":{"line":1,"column":48}},"1":{"start":{"line":4,"column":17},"end":{"line":11,"column":3}},"2":{"start":{"line":5,"column":4},"end":{"line":10,"column":5}},"3":{"start":{"line":6,"column":22},"end":{"line":6,"column":61}},"4":{"start":{"line":7,"column":6},"end":{"line":7,"column":35}},"5":{"start":{"line":9,"column":6},"end":{"line":9,"column":17}},"6":{"start":{"line":12,"column":18},"end":{"line":22,"column":3}},"7":{"start":{"line":13,"column":4},"end":{"line":21,"column":5}},"8":{"start":{"line":14,"column":6},"end":{"line":14,"column":31}},"9":{"start":{"line":15,"column":22},"end":{"line":15,"column":56}},"10":{"start":{"line":16,"column":22},"end":{"line":16,"column":56}},"11":{"start":{"line":17,"column":6},"end":{"line":17,"column":26}},"12":{"start":{"line":18,"column":6},"end":{"line":18,"column":35}},"13":{"start":{"line":20,"column":6},"end":{"line":20,"column":17}},"14":{"start":{"line":23,"column":19},"end":{"line":30,"column":3}},"15":{"start":{"line":24,"column":4},"end":{"line":29,"column":5}},"16":{"start":{"line":25,"column":23},"end":{"line":25,"column":59}},"17":{"start":{"line":26,"column":6},"end":{"line":26,"column":36}},"18":{"start":{"line":28,"column":6},"end":{"line":28,"column":17}},"19":{"start":{"line":31,"column":19},"end":{"line":38,"column":3}},"20":{"start":{"line":32,"column":4},"end":{"line":37,"column":5}},"21":{"start":{"line":33,"column":22},"end":{"line":33,"column":59}},"22":{"start":{"line":34,"column":6},"end":{"line":34,"column":35}},"23":{"start":{"line":36,"column":6},"end":{"line":36,"column":17}},"24":{"start":{"line":39,"column":18},"end":{"line":58,"column":3}},"25":{"start":{"line":40,"column":4},"end":{"line":57,"column":5}},"26":{"start":{"line":41,"column":18},"end":{"line":41,"column":64}},"27":{"start":{"line":42,"column":6},"end":{"line":45,"column":7}},"28":{"start":{"line":43,"column":8},"end":{"line":43,"column":40}},"29":{"start":{"line":44,"column":8},"end":{"line":44,"column":44}},"30":{"start":{"line":46,"column":6},"end":{"line":46,"column":66}},"31":{"start":{"line":46,"column":34},"end":{"line":46,"column":66}},"32":{"start":{"line":47,"column":6},"end":{"line":47,"column":61}},"33":{"start":{"line":47,"column":29},"end":{"line":47,"column":61}},"34":{"start":{"line":48,"column":6},"end":{"line":48,"column":22}},"35":{"start":{"line":49,"column":6},"end":{"line":49,"column":30}},"36":{"start":{"line":50,"column":22},"end":{"line":52,"column":8}},"37":{"start":{"line":53,"column":6},"end":{"line":53,"column":20}},"38":{"start":{"line":54,"column":6},"end":{"line":54,"column":35}},"39":{"start":{"line":56,"column":6},"end":{"line":56,"column":17}},"40":{"start":{"line":59,"column":18},"end":{"line":66,"column":3}},"41":{"start":{"line":60,"column":4},"end":{"line":65,"column":5}},"42":{"start":{"line":61,"column":6},"end":{"line":61,"column":52}},"43":{"start":{"line":62,"column":6},"end":{"line":62,"column":71}},"44":{"start":{"line":64,"column":6},"end":{"line":64,"column":17}},"45":{"start":{"line":69,"column":0},"end":{"line":69,"column":38}}},"fnMap":{"0":{"name":"(anonymous_0)","decl":{"start":{"line":4,"column":17},"end":{"line":4,"column":18}},"loc":{"start":{"line":4,"column":43},"end":{"line":11,"column":3}},"line":4},"1":{"name":"(anonymous_1)","decl":{"start":{"line":12,"column":18},"end":{"line":12,"column":19}},"loc":{"start":{"line":12,"column":44},"end":{"line":22,"column":3}},"line":12},"2":{"name":"(anonymous_2)","decl":{"start":{"line":23,"column":19},"end":{"line":23,"column":20}},"loc":{"start":{"line":23,"column":45},"end":{"line":30,"column":3}},"line":23},"3":{"name":"(anonymous_3)","decl":{"start":{"line":31,"column":19},"end":{"line":31,"column":20}},"loc":{"start":{"line":31,"column":45},"end":{"line":38,"column":3}},"line":31},"4":{"name":"(anonymous_4)","decl":{"start":{"line":39,"column":18},"end":{"line":39,"column":19}},"loc":{"start":{"line":39,"column":44},"end":{"line":58,"column":3}},"line":39},"5":{"name":"(anonymous_5)","decl":{"start":{"line":59,"column":18},"end":{"line":59,"column":19}},"loc":{"start":{"line":59,"column":44},"end":{"line":66,"column":3}},"line":59}},"branchMap":{"0":{"loc":{"start":{"line":42,"column":6},"end":{"line":45,"column":7}},"type":"if","locations":[{"start":{"line":42,"column":6},"end":{"line":45,"column":7}},{"start":{"line":42,"column":6},"end":{"line":45,"column":7}}],"line":42},"1":{"loc":{"start":{"line":46,"column":6},"end":{"line":46,"column":66}},"type":"if","locations":[{"start":{"line":46,"column":6},"end":{"line":46,"column":66}},{"start":{"line":46,"column":6},"end":{"line":46,"column":66}}],"line":46},"2":{"loc":{"start":{"line":47,"column":6},"end":{"line":47,"column":61}},"type":"if","locations":[{"start":{"line":47,"column":6},"end":{"line":47,"column":61}},{"start":{"line":47,"column":6},"end":{"line":47,"column":61}}],"line":47}},"s":{"0":1,"1":1,"2":1,"3":1,"4":1,"5":0,"6":1,"7":1,"8":1,"9":1,"10":1,"11":1,"12":1,"13":0,"14":1,"15":3,"16":3,"17":3,"18":0,"19":1,"20":2,"21":2,"22":2,"23":0,"24":1,"25":2,"26":2,"27":2,"28":1,"29":1,"30":2,"31":1,"32":2,"33":1,"34":2,"35":2,"36":2,"37":2,"38":2,"39":0,"40":1,"41":1,"42":1,"43":1,"44":0,"45":1},"f":{"0":1,"1":1,"2":3,"3":2,"4":2,"5":1},"b":{"0":[1,1],"1":[1,1],"2":[1,1]},"_coverageSchema":"1a1c01bbd47fc00a2c39e90264f33305004495a9","hash":"8e0fe2f5bb74b7186ed5a1acd2b9322bbc9200e0"}
,"/home/ricky/Documents/hacktiv8/final-project/mamed-server/controllers/appointment-controller.js": {"path":"/home/ricky/Documents/hacktiv8/final-project/mamed-server/controllers/appointment-controller.js","statementMap":{"0":{"start":{"line":1,"column":23},"end":{"line":1,"column":60}},"1":{"start":{"line":2,"column":20},"end":{"line":2,"column":48}},"2":{"start":{"line":3,"column":24},"end":{"line":3,"column":56}},"3":{"start":{"line":6,"column":18},"end":{"line":25,"column":3}},"4":{"start":{"line":7,"column":4},"end":{"line":24,"column":5}},"5":{"start":{"line":8,"column":22},"end":{"line":8,"column":61}},"6":{"start":{"line":9,"column":21},"end":{"line":9,"column":62}},"7":{"start":{"line":10,"column":6},"end":{"line":10,"column":57}},"8":{"start":{"line":10,"column":31},"end":{"line":10,"column":57}},"9":{"start":{"line":11,"column":22},"end":{"line":15,"column":15}},"10":{"start":{"line":17,"column":26},"end":{"line":19,"column":28}},"11":{"start":{"line":21,"column":6},"end":{"line":21,"column":39}},"12":{"start":{"line":23,"column":6},"end":{"line":23,"column":17}},"13":{"start":{"line":26,"column":19},"end":{"line":44,"column":3}},"14":{"start":{"line":27,"column":4},"end":{"line":43,"column":5}},"15":{"start":{"line":28,"column":20},"end":{"line":28,"column":22}},"16":{"start":{"line":29,"column":6},"end":{"line":36,"column":7}},"17":{"start":{"line":31,"column":10},"end":{"line":31,"column":41}},"18":{"start":{"line":32,"column":10},"end":{"line":32,"column":15}},"19":{"start":{"line":34,"column":10},"end":{"line":34,"column":40}},"20":{"start":{"line":35,"column":10},"end":{"line":35,"column":15}},"21":{"start":{"line":37,"column":27},"end":{"line":39,"column":28}},"22":{"start":{"line":40,"column":6},"end":{"line":40,"column":40}},"23":{"start":{"line":42,"column":6},"end":{"line":42,"column":17}},"24":{"start":{"line":45,"column":19},"end":{"line":52,"column":3}},"25":{"start":{"line":46,"column":4},"end":{"line":51,"column":5}},"26":{"start":{"line":47,"column":26},"end":{"line":47,"column":74}},"27":{"start":{"line":48,"column":6},"end":{"line":48,"column":39}},"28":{"start":{"line":50,"column":6},"end":{"line":50,"column":17}},"29":{"start":{"line":53,"column":18},"end":{"line":66,"column":3}},"30":{"start":{"line":54,"column":4},"end":{"line":65,"column":5}},"31":{"start":{"line":55,"column":26},"end":{"line":61,"column":7}},"32":{"start":{"line":62,"column":6},"end":{"line":62,"column":39}},"33":{"start":{"line":64,"column":6},"end":{"line":64,"column":17}},"34":{"start":{"line":67,"column":28},"end":{"line":81,"column":3}},"35":{"start":{"line":68,"column":4},"end":{"line":80,"column":5}},"36":{"start":{"line":69,"column":30},"end":{"line":69,"column":38}},"37":{"start":{"line":70,"column":26},"end":{"line":76,"column":7}},"38":{"start":{"line":77,"column":6},"end":{"line":77,"column":39}},"39":{"start":{"line":79,"column":6},"end":{"line":79,"column":17}},"40":{"start":{"line":82,"column":18},"end":{"line":89,"column":3}},"41":{"start":{"line":83,"column":4},"end":{"line":88,"column":5}},"42":{"start":{"line":84,"column":6},"end":{"line":84,"column":56}},"43":{"start":{"line":85,"column":6},"end":{"line":85,"column":75}},"44":{"start":{"line":87,"column":6},"end":{"line":87,"column":17}},"45":{"start":{"line":92,"column":0},"end":{"line":92,"column":42}}},"fnMap":{"0":{"name":"(anonymous_0)","decl":{"start":{"line":6,"column":18},"end":{"line":6,"column":19}},"loc":{"start":{"line":6,"column":44},"end":{"line":25,"column":3}},"line":6},"1":{"name":"(anonymous_1)","decl":{"start":{"line":26,"column":19},"end":{"line":26,"column":20}},"loc":{"start":{"line":26,"column":45},"end":{"line":44,"column":3}},"line":26},"2":{"name":"(anonymous_2)","decl":{"start":{"line":45,"column":19},"end":{"line":45,"column":20}},"loc":{"start":{"line":45,"column":45},"end":{"line":52,"column":3}},"line":45},"3":{"name":"(anonymous_3)","decl":{"start":{"line":53,"column":18},"end":{"line":53,"column":19}},"loc":{"start":{"line":53,"column":44},"end":{"line":66,"column":3}},"line":53},"4":{"name":"(anonymous_4)","decl":{"start":{"line":67,"column":28},"end":{"line":67,"column":29}},"loc":{"start":{"line":67,"column":54},"end":{"line":81,"column":3}},"line":67},"5":{"name":"(anonymous_5)","decl":{"start":{"line":82,"column":18},"end":{"line":82,"column":19}},"loc":{"start":{"line":82,"column":44},"end":{"line":89,"column":3}},"line":82}},"branchMap":{"0":{"loc":{"start":{"line":10,"column":6},"end":{"line":10,"column":57}},"type":"if","locations":[{"start":{"line":10,"column":6},"end":{"line":10,"column":57}},{"start":{"line":10,"column":6},"end":{"line":10,"column":57}}],"line":10},"1":{"loc":{"start":{"line":10,"column":10},"end":{"line":10,"column":29}},"type":"binary-expr","locations":[{"start":{"line":10,"column":10},"end":{"line":10,"column":18}},{"start":{"line":10,"column":22},"end":{"line":10,"column":29}}],"line":10},"2":{"loc":{"start":{"line":29,"column":6},"end":{"line":36,"column":7}},"type":"switch","locations":[{"start":{"line":30,"column":8},"end":{"line":32,"column":15}},{"start":{"line":33,"column":8},"end":{"line":35,"column":15}}],"line":29}},"s":{"0":1,"1":1,"2":1,"3":1,"4":0,"5":0,"6":0,"7":0,"8":0,"9":0,"10":0,"11":0,"12":0,"13":1,"14":0,"15":0,"16":0,"17":0,"18":0,"19":0,"20":0,"21":0,"22":0,"23":0,"24":1,"25":0,"26":0,"27":0,"28":0,"29":1,"30":0,"31":0,"32":0,"33":0,"34":1,"35":0,"36":0,"37":0,"38":0,"39":0,"40":1,"41":0,"42":0,"43":0,"44":0,"45":1},"f":{"0":0,"1":0,"2":0,"3":0,"4":0,"5":0},"b":{"0":[0,0],"1":[0,0],"2":[0,0]},"_coverageSchema":"1a1c01bbd47fc00a2c39e90264f33305004495a9","hash":"940ac3fbc8c32ba89413b80d48d13995069da58c"}
,"/home/ricky/Documents/hacktiv8/final-project/mamed-server/controllers/auth-controller.js": {"path":"/home/ricky/Documents/hacktiv8/final-project/mamed-server/controllers/auth-controller.js","statementMap":{"0":{"start":{"line":1,"column":29},"end":{"line":1,"column":57}},"1":{"start":{"line":2,"column":10},"end":{"line":2,"column":27}},"2":{"start":{"line":3,"column":23},"end":{"line":3,"column":60}},"3":{"start":{"line":4,"column":20},"end":{"line":4,"column":48}},"4":{"start":{"line":5,"column":17},"end":{"line":5,"column":42}},"5":{"start":{"line":7,"column":20},"end":{"line":15,"column":3}},"6":{"start":{"line":8,"column":4},"end":{"line":14,"column":5}},"7":{"start":{"line":9,"column":22},"end":{"line":9,"column":56}},"8":{"start":{"line":10,"column":22},"end":{"line":10,"column":56}},"9":{"start":{"line":11,"column":6},"end":{"line":11,"column":35}},"10":{"start":{"line":13,"column":6},"end":{"line":13,"column":17}},"11":{"start":{"line":16,"column":17},"end":{"line":27,"column":3}},"12":{"start":{"line":17,"column":4},"end":{"line":26,"column":5}},"13":{"start":{"line":18,"column":34},"end":{"line":18,"column":42}},"14":{"start":{"line":19,"column":6},"end":{"line":19,"column":57}},"15":{"start":{"line":19,"column":31},"end":{"line":19,"column":57}},"16":{"start":{"line":20,"column":22},"end":{"line":20,"column":54}},"17":{"start":{"line":21,"column":6},"end":{"line":21,"column":40}},"18":{"start":{"line":21,"column":18},"end":{"line":21,"column":40}},"19":{"start":{"line":22,"column":6},"end":{"line":22,"column":70}},"20":{"start":{"line":22,"column":48},"end":{"line":22,"column":70}},"21":{"start":{"line":23,"column":6},"end":{"line":23,"column":79}},"22":{"start":{"line":25,"column":6},"end":{"line":25,"column":17}},"23":{"start":{"line":30,"column":0},"end":{"line":30,"column":35}}},"fnMap":{"0":{"name":"(anonymous_0)","decl":{"start":{"line":7,"column":20},"end":{"line":7,"column":21}},"loc":{"start":{"line":7,"column":46},"end":{"line":15,"column":3}},"line":7},"1":{"name":"(anonymous_1)","decl":{"start":{"line":16,"column":17},"end":{"line":16,"column":18}},"loc":{"start":{"line":16,"column":43},"end":{"line":27,"column":3}},"line":16}},"branchMap":{"0":{"loc":{"start":{"line":19,"column":6},"end":{"line":19,"column":57}},"type":"if","locations":[{"start":{"line":19,"column":6},"end":{"line":19,"column":57}},{"start":{"line":19,"column":6},"end":{"line":19,"column":57}}],"line":19},"1":{"loc":{"start":{"line":19,"column":10},"end":{"line":19,"column":29}},"type":"binary-expr","locations":[{"start":{"line":19,"column":10},"end":{"line":19,"column":16}},{"start":{"line":19,"column":20},"end":{"line":19,"column":29}}],"line":19},"2":{"loc":{"start":{"line":21,"column":6},"end":{"line":21,"column":40}},"type":"if","locations":[{"start":{"line":21,"column":6},"end":{"line":21,"column":40}},{"start":{"line":21,"column":6},"end":{"line":21,"column":40}}],"line":21},"3":{"loc":{"start":{"line":22,"column":6},"end":{"line":22,"column":70}},"type":"if","locations":[{"start":{"line":22,"column":6},"end":{"line":22,"column":70}},{"start":{"line":22,"column":6},"end":{"line":22,"column":70}}],"line":22}},"s":{"0":1,"1":1,"2":1,"3":1,"4":1,"5":1,"6":2,"7":2,"8":1,"9":1,"10":1,"11":1,"12":5,"13":5,"14":5,"15":2,"16":3,"17":3,"18":0,"19":3,"20":1,"21":2,"22":3,"23":1},"f":{"0":2,"1":5},"b":{"0":[2,3],"1":[5,4],"2":[0,3],"3":[1,2]},"_coverageSchema":"1a1c01bbd47fc00a2c39e90264f33305004495a9","hash":"c0e54de2b225839cdb09a886924cfce113e873d1"}
,"/home/ricky/Documents/hacktiv8/final-project/mamed-server/controllers/index.js": {"path":"/home/ricky/Documents/hacktiv8/final-project/mamed-server/controllers/index.js","statementMap":{"0":{"start":{"line":1,"column":30},"end":{"line":1,"column":61}},"1":{"start":{"line":2,"column":34},"end":{"line":2,"column":69}},"2":{"start":{"line":3,"column":27},"end":{"line":3,"column":55}},"3":{"start":{"line":4,"column":31},"end":{"line":4,"column":63}},"4":{"start":{"line":5,"column":28},"end":{"line":5,"column":57}},"5":{"start":{"line":7,"column":0},"end":{"line":13,"column":1}}},"fnMap":{},"branchMap":{},"s":{"0":1,"1":1,"2":1,"3":1,"4":1,"5":1},"f":{},"b":{},"_coverageSchema":"1a1c01bbd47fc00a2c39e90264f33305004495a9","hash":"66912bb92513a4ccb1bd3e3e1e0c547cd178793d"}
,"/home/ricky/Documents/hacktiv8/final-project/mamed-server/controllers/medicine-controller.js": {"path":"/home/ricky/Documents/hacktiv8/final-project/mamed-server/controllers/medicine-controller.js","statementMap":{"0":{"start":{"line":1,"column":21},"end":{"line":1,"column":50}},"1":{"start":{"line":4,"column":18},"end":{"line":12,"column":3}},"2":{"start":{"line":5,"column":4},"end":{"line":11,"column":5}},"3":{"start":{"line":6,"column":22},"end":{"line":6,"column":57}},"4":{"start":{"line":7,"column":23},"end":{"line":7,"column":58}},"5":{"start":{"line":8,"column":6},"end":{"line":8,"column":36}},"6":{"start":{"line":10,"column":6},"end":{"line":10,"column":17}},"7":{"start":{"line":13,"column":19},"end":{"line":20,"column":3}},"8":{"start":{"line":14,"column":4},"end":{"line":19,"column":5}},"9":{"start":{"line":15,"column":24},"end":{"line":15,"column":61}},"10":{"start":{"line":16,"column":6},"end":{"line":16,"column":37}},"11":{"start":{"line":18,"column":6},"end":{"line":18,"column":17}},"12":{"start":{"line":21,"column":19},"end":{"line":28,"column":3}},"13":{"start":{"line":22,"column":4},"end":{"line":27,"column":5}},"14":{"start":{"line":23,"column":23},"end":{"line":23,"column":61}},"15":{"start":{"line":24,"column":6},"end":{"line":24,"column":36}},"16":{"start":{"line":26,"column":6},"end":{"line":26,"column":17}},"17":{"start":{"line":29,"column":18},"end":{"line":40,"column":3}},"18":{"start":{"line":30,"column":4},"end":{"line":39,"column":5}},"19":{"start":{"line":31,"column":23},"end":{"line":35,"column":7}},"20":{"start":{"line":36,"column":6},"end":{"line":36,"column":36}},"21":{"start":{"line":38,"column":6},"end":{"line":38,"column":17}},"22":{"start":{"line":41,"column":18},"end":{"line":48,"column":3}},"23":{"start":{"line":42,"column":4},"end":{"line":47,"column":5}},"24":{"start":{"line":43,"column":6},"end":{"line":43,"column":53}},"25":{"start":{"line":44,"column":6},"end":{"line":44,"column":72}},"26":{"start":{"line":46,"column":6},"end":{"line":46,"column":17}},"27":{"start":{"line":51,"column":0},"end":{"line":51,"column":39}}},"fnMap":{"0":{"name":"(anonymous_0)","decl":{"start":{"line":4,"column":18},"end":{"line":4,"column":19}},"loc":{"start":{"line":4,"column":44},"end":{"line":12,"column":3}},"line":4},"1":{"name":"(anonymous_1)","decl":{"start":{"line":13,"column":19},"end":{"line":13,"column":20}},"loc":{"start":{"line":13,"column":45},"end":{"line":20,"column":3}},"line":13},"2":{"name":"(anonymous_2)","decl":{"start":{"line":21,"column":19},"end":{"line":21,"column":20}},"loc":{"start":{"line":21,"column":45},"end":{"line":28,"column":3}},"line":21},"3":{"name":"(anonymous_3)","decl":{"start":{"line":29,"column":18},"end":{"line":29,"column":19}},"loc":{"start":{"line":29,"column":44},"end":{"line":40,"column":3}},"line":29},"4":{"name":"(anonymous_4)","decl":{"start":{"line":41,"column":18},"end":{"line":41,"column":19}},"loc":{"start":{"line":41,"column":44},"end":{"line":48,"column":3}},"line":41}},"branchMap":{},"s":{"0":1,"1":1,"2":0,"3":0,"4":0,"5":0,"6":0,"7":1,"8":0,"9":0,"10":0,"11":0,"12":1,"13":0,"14":0,"15":0,"16":0,"17":1,"18":0,"19":0,"20":0,"21":0,"22":1,"23":0,"24":0,"25":0,"26":0,"27":1},"f":{"0":0,"1":0,"2":0,"3":0,"4":0},"b":{},"_coverageSchema":"1a1c01bbd47fc00a2c39e90264f33305004495a9","hash":"5923950f6cd5b28806dc600724bf376d400f5fcd"}
,"/home/ricky/Documents/hacktiv8/final-project/mamed-server/controllers/order-controller.js": {"path":"/home/ricky/Documents/hacktiv8/final-project/mamed-server/controllers/order-controller.js","statementMap":{"0":{"start":{"line":1,"column":18},"end":{"line":1,"column":37}},"1":{"start":{"line":2,"column":23},"end":{"line":2,"column":60}},"2":{"start":{"line":3,"column":24},"end":{"line":3,"column":56}},"3":{"start":{"line":4,"column":21},"end":{"line":4,"column":50}},"4":{"start":{"line":5,"column":18},"end":{"line":5,"column":44}},"5":{"start":{"line":8,"column":24},"end":{"line":10,"column":4}},"6":{"start":{"line":8,"column":42},"end":{"line":10,"column":3}},"7":{"start":{"line":12,"column":18},"end":{"line":45,"column":3}},"8":{"start":{"line":13,"column":4},"end":{"line":44,"column":5}},"9":{"start":{"line":14,"column":32},"end":{"line":14,"column":42}},"10":{"start":{"line":15,"column":30},"end":{"line":18,"column":7}},"11":{"start":{"line":19,"column":6},"end":{"line":19,"column":54}},"12":{"start":{"line":19,"column":23},"end":{"line":19,"column":54}},"13":{"start":{"line":20,"column":26},"end":{"line":26,"column":7}},"14":{"start":{"line":22,"column":28},"end":{"line":22,"column":72}},"15":{"start":{"line":23,"column":23},"end":{"line":23,"column":57}},"16":{"start":{"line":24,"column":10},"end":{"line":24,"column":61}},"17":{"start":{"line":27,"column":6},"end":{"line":27,"column":36}},"18":{"start":{"line":28,"column":20},"end":{"line":35,"column":15}},"19":{"start":{"line":31,"column":52},"end":{"line":34,"column":9}},"20":{"start":{"line":37,"column":6},"end":{"line":40,"column":8}},"21":{"start":{"line":41,"column":6},"end":{"line":41,"column":33}},"22":{"start":{"line":43,"column":6},"end":{"line":43,"column":17}},"23":{"start":{"line":46,"column":19},"end":{"line":70,"column":3}},"24":{"start":{"line":47,"column":4},"end":{"line":69,"column":5}},"25":{"start":{"line":48,"column":20},"end":{"line":48,"column":22}},"26":{"start":{"line":49,"column":6},"end":{"line":56,"column":7}},"27":{"start":{"line":51,"column":10},"end":{"line":51,"column":41}},"28":{"start":{"line":52,"column":10},"end":{"line":52,"column":15}},"29":{"start":{"line":54,"column":10},"end":{"line":54,"column":40}},"30":{"start":{"line":55,"column":10},"end":{"line":55,"column":15}},"31":{"start":{"line":57,"column":21},"end":{"line":64,"column":8}},"32":{"start":{"line":65,"column":24},"end":{"line":65,"column":53}},"33":{"start":{"line":66,"column":6},"end":{"line":66,"column":37}},"34":{"start":{"line":68,"column":6},"end":{"line":68,"column":17}},"35":{"start":{"line":71,"column":19},"end":{"line":88,"column":3}},"36":{"start":{"line":72,"column":30},"end":{"line":72,"column":40}},"37":{"start":{"line":73,"column":4},"end":{"line":87,"column":5}},"38":{"start":{"line":74,"column":20},"end":{"line":83,"column":8}},"39":{"start":{"line":84,"column":6},"end":{"line":84,"column":33}},"40":{"start":{"line":86,"column":6},"end":{"line":86,"column":17}},"41":{"start":{"line":89,"column":18},"end":{"line":100,"column":3}},"42":{"start":{"line":90,"column":4},"end":{"line":99,"column":5}},"43":{"start":{"line":91,"column":32},"end":{"line":91,"column":42}},"44":{"start":{"line":92,"column":20},"end":{"line":92,"column":71}},"45":{"start":{"line":93,"column":6},"end":{"line":93,"column":42}},"46":{"start":{"line":94,"column":6},"end":{"line":94,"column":40}},"47":{"start":{"line":95,"column":6},"end":{"line":95,"column":24}},"48":{"start":{"line":96,"column":6},"end":{"line":96,"column":33}},"49":{"start":{"line":98,"column":6},"end":{"line":98,"column":17}},"50":{"start":{"line":101,"column":18},"end":{"line":109,"column":3}},"51":{"start":{"line":102,"column":4},"end":{"line":108,"column":5}},"52":{"start":{"line":103,"column":32},"end":{"line":103,"column":42}},"53":{"start":{"line":104,"column":6},"end":{"line":104,"column":66}},"54":{"start":{"line":105,"column":6},"end":{"line":105,"column":69}},"55":{"start":{"line":107,"column":6},"end":{"line":107,"column":17}},"56":{"start":{"line":112,"column":0},"end":{"line":112,"column":36}}},"fnMap":{"0":{"name":"(anonymous_0)","decl":{"start":{"line":8,"column":24},"end":{"line":8,"column":25}},"loc":{"start":{"line":8,"column":42},"end":{"line":10,"column":3}},"line":8},"1":{"name":"(anonymous_1)","decl":{"start":{"line":12,"column":18},"end":{"line":12,"column":19}},"loc":{"start":{"line":12,"column":44},"end":{"line":45,"column":3}},"line":12},"2":{"name":"(anonymous_2)","decl":{"start":{"line":21,"column":8},"end":{"line":21,"column":9}},"loc":{"start":{"line":21,"column":49},"end":{"line":25,"column":9}},"line":21},"3":{"name":"(anonymous_3)","decl":{"start":{"line":31,"column":44},"end":{"line":31,"column":45}},"loc":{"start":{"line":31,"column":52},"end":{"line":34,"column":9}},"line":31},"4":{"name":"(anonymous_4)","decl":{"start":{"line":46,"column":19},"end":{"line":46,"column":20}},"loc":{"start":{"line":46,"column":45},"end":{"line":70,"column":3}},"line":46},"5":{"name":"(anonymous_5)","decl":{"start":{"line":71,"column":19},"end":{"line":71,"column":20}},"loc":{"start":{"line":71,"column":45},"end":{"line":88,"column":3}},"line":71},"6":{"name":"(anonymous_6)","decl":{"start":{"line":89,"column":18},"end":{"line":89,"column":19}},"loc":{"start":{"line":89,"column":44},"end":{"line":100,"column":3}},"line":89},"7":{"name":"(anonymous_7)","decl":{"start":{"line":101,"column":18},"end":{"line":101,"column":19}},"loc":{"start":{"line":101,"column":44},"end":{"line":109,"column":3}},"line":101}},"branchMap":{"0":{"loc":{"start":{"line":19,"column":6},"end":{"line":19,"column":54}},"type":"if","locations":[{"start":{"line":19,"column":6},"end":{"line":19,"column":54}},{"start":{"line":19,"column":6},"end":{"line":19,"column":54}}],"line":19},"1":{"loc":{"start":{"line":49,"column":6},"end":{"line":56,"column":7}},"type":"switch","locations":[{"start":{"line":50,"column":8},"end":{"line":52,"column":15}},{"start":{"line":53,"column":8},"end":{"line":55,"column":15}}],"line":49}},"s":{"0":1,"1":1,"2":1,"3":1,"4":1,"5":1,"6":0,"7":1,"8":0,"9":0,"10":0,"11":0,"12":0,"13":0,"14":0,"15":0,"16":0,"17":0,"18":0,"19":0,"20":0,"21":0,"22":0,"23":1,"24":0,"25":0,"26":0,"27":0,"28":0,"29":0,"30":0,"31":0,"32":0,"33":0,"34":0,"35":1,"36":0,"37":0,"38":0,"39":0,"40":0,"41":1,"42":0,"43":0,"44":0,"45":0,"46":0,"47":0,"48":0,"49":0,"50":1,"51":0,"52":0,"53":0,"54":0,"55":0,"56":1},"f":{"0":0,"1":0,"2":0,"3":0,"4":0,"5":0,"6":0,"7":0},"b":{"0":[0,0],"1":[0,0]},"_coverageSchema":"1a1c01bbd47fc00a2c39e90264f33305004495a9","hash":"4b1878db83807e62884a1aa290488dd23ee1fb22"}
,"/home/ricky/Documents/hacktiv8/final-project/mamed-server/helpers/bcrypt.js": {"path":"/home/ricky/Documents/hacktiv8/final-project/mamed-server/helpers/bcrypt.js","statementMap":{"0":{"start":{"line":1,"column":15},"end":{"line":1,"column":34}},"1":{"start":{"line":3,"column":13},"end":{"line":3,"column":35}},"2":{"start":{"line":5,"column":16},"end":{"line":7,"column":1}},"3":{"start":{"line":6,"column":2},"end":{"line":6,"column":40}},"4":{"start":{"line":9,"column":16},"end":{"line":11,"column":1}},"5":{"start":{"line":10,"column":2},"end":{"line":10,"column":43}},"6":{"start":{"line":13,"column":0},"end":{"line":13,"column":37}}},"fnMap":{"0":{"name":"(anonymous_0)","decl":{"start":{"line":5,"column":16},"end":{"line":5,"column":17}},"loc":{"start":{"line":5,"column":30},"end":{"line":7,"column":1}},"line":5},"1":{"name":"(anonymous_1)","decl":{"start":{"line":9,"column":16},"end":{"line":9,"column":17}},"loc":{"start":{"line":9,"column":36},"end":{"line":11,"column":1}},"line":9}},"branchMap":{},"s":{"0":1,"1":1,"2":1,"3":4,"4":1,"5":3,"6":1},"f":{"0":4,"1":3},"b":{},"_coverageSchema":"1a1c01bbd47fc00a2c39e90264f33305004495a9","hash":"8002b0641cff422a2a2050ea8b962fecd453735c"}
,"/home/ricky/Documents/hacktiv8/final-project/mamed-server/helpers/db-connection.js": {"path":"/home/ricky/Documents/hacktiv8/final-project/mamed-server/helpers/db-connection.js","statementMap":{"0":{"start":{"line":1,"column":12},"end":{"line":1,"column":32}},"1":{"start":{"line":2,"column":18},"end":{"line":12,"column":1}},"2":{"start":{"line":3,"column":20},"end":{"line":3,"column":48}},"3":{"start":{"line":4,"column":2},"end":{"line":11,"column":3}},"4":{"start":{"line":6,"column":6},"end":{"line":6,"column":51}},"5":{"start":{"line":8,"column":6},"end":{"line":8,"column":44}},"6":{"start":{"line":10,"column":6},"end":{"line":10,"column":50}},"7":{"start":{"line":14,"column":19},"end":{"line":16,"column":1}},"8":{"start":{"line":18,"column":0},"end":{"line":18,"column":27}}},"fnMap":{"0":{"name":"(anonymous_0)","decl":{"start":{"line":2,"column":18},"end":{"line":2,"column":19}},"loc":{"start":{"line":2,"column":24},"end":{"line":12,"column":1}},"line":2}},"branchMap":{"0":{"loc":{"start":{"line":4,"column":2},"end":{"line":11,"column":3}},"type":"switch","locations":[{"start":{"line":5,"column":4},"end":{"line":6,"column":51}},{"start":{"line":7,"column":4},"end":{"line":8,"column":44}},{"start":{"line":9,"column":4},"end":{"line":10,"column":50}}],"line":4}},"s":{"0":1,"1":1,"2":2,"3":2,"4":0,"5":2,"6":0,"7":1,"8":1},"f":{"0":2},"b":{"0":[0,2,0]},"_coverageSchema":"1a1c01bbd47fc00a2c39e90264f33305004495a9","hash":"aea186340b2255610398764ad9599c826e96eb61"}
,"/home/ricky/Documents/hacktiv8/final-project/mamed-server/helpers/error-formatter.js": {"path":"/home/ricky/Documents/hacktiv8/final-project/mamed-server/helpers/error-formatter.js","statementMap":{"0":{"start":{"line":1,"column":22},"end":{"line":5,"column":1}},"1":{"start":{"line":2,"column":16},"end":{"line":2,"column":27}},"2":{"start":{"line":3,"column":2},"end":{"line":3,"column":19}},"3":{"start":{"line":4,"column":2},"end":{"line":4,"column":14}},"4":{"start":{"line":7,"column":0},"end":{"line":18,"column":1}}},"fnMap":{"0":{"name":"(anonymous_0)","decl":{"start":{"line":1,"column":22},"end":{"line":1,"column":23}},"loc":{"start":{"line":1,"column":32},"end":{"line":5,"column":1}},"line":1}},"branchMap":{},"s":{"0":1,"1":8,"2":8,"3":8,"4":1},"f":{"0":8},"b":{},"_coverageSchema":"1a1c01bbd47fc00a2c39e90264f33305004495a9","hash":"7de51aa3945c9244a0e9fb49f95bfd345941062e"}
,"/home/ricky/Documents/hacktiv8/final-project/mamed-server/helpers/jwt.js": {"path":"/home/ricky/Documents/hacktiv8/final-project/mamed-server/helpers/jwt.js","statementMap":{"0":{"start":{"line":1,"column":15},"end":{"line":1,"column":37}},"1":{"start":{"line":2,"column":12},"end":{"line":2,"column":35}},"2":{"start":{"line":4,"column":13},"end":{"line":4,"column":51}},"3":{"start":{"line":4,"column":26},"end":{"line":4,"column":51}},"4":{"start":{"line":5,"column":15},"end":{"line":5,"column":51}},"5":{"start":{"line":5,"column":26},"end":{"line":5,"column":51}},"6":{"start":{"line":7,"column":0},"end":{"line":7,"column":33}}},"fnMap":{"0":{"name":"(anonymous_0)","decl":{"start":{"line":4,"column":13},"end":{"line":4,"column":14}},"loc":{"start":{"line":4,"column":26},"end":{"line":4,"column":51}},"line":4},"1":{"name":"(anonymous_1)","decl":{"start":{"line":5,"column":15},"end":{"line":5,"column":16}},"loc":{"start":{"line":5,"column":26},"end":{"line":5,"column":51}},"line":5}},"branchMap":{},"s":{"0":1,"1":1,"2":1,"3":2,"4":1,"5":10,"6":1},"f":{"0":2,"1":10},"b":{},"_coverageSchema":"1a1c01bbd47fc00a2c39e90264f33305004495a9","hash":"2cb513079cac11d296bb1532cff4c589e91e4b42"}
,"/home/ricky/Documents/hacktiv8/final-project/mamed-server/middlewares/account-middleware.js": {"path":"/home/ricky/Documents/hacktiv8/final-project/mamed-server/middlewares/account-middleware.js","statementMap":{"0":{"start":{"line":1,"column":23},"end":{"line":1,"column":60}},"1":{"start":{"line":4,"column":22},"end":{"line":16,"column":3}},"2":{"start":{"line":5,"column":4},"end":{"line":5,"column":44}},"3":{"start":{"line":5,"column":26},"end":{"line":5,"column":44}},"4":{"start":{"line":6,"column":4},"end":{"line":15,"column":5}},"5":{"start":{"line":9,"column":8},"end":{"line":9,"column":21}},"6":{"start":{"line":11,"column":8},"end":{"line":11,"column":33}},"7":{"start":{"line":12,"column":8},"end":{"line":12,"column":21}},"8":{"start":{"line":14,"column":8},"end":{"line":14,"column":44}},"9":{"start":{"line":18,"column":30},"end":{"line":21,"column":3}},"10":{"start":{"line":19,"column":4},"end":{"line":19,"column":50}},"11":{"start":{"line":19,"column":37},"end":{"line":19,"column":50}},"12":{"start":{"line":20,"column":4},"end":{"line":20,"column":33}},"13":{"start":{"line":24,"column":0},"end":{"line":24,"column":38}}},"fnMap":{"0":{"name":"(anonymous_0)","decl":{"start":{"line":4,"column":22},"end":{"line":4,"column":23}},"loc":{"start":{"line":4,"column":42},"end":{"line":16,"column":3}},"line":4},"1":{"name":"(anonymous_1)","decl":{"start":{"line":18,"column":30},"end":{"line":18,"column":31}},"loc":{"start":{"line":18,"column":50},"end":{"line":21,"column":3}},"line":18}},"branchMap":{"0":{"loc":{"start":{"line":5,"column":4},"end":{"line":5,"column":44}},"type":"if","locations":[{"start":{"line":5,"column":4},"end":{"line":5,"column":44}},{"start":{"line":5,"column":4},"end":{"line":5,"column":44}}],"line":5},"1":{"loc":{"start":{"line":6,"column":4},"end":{"line":15,"column":5}},"type":"switch","locations":[{"start":{"line":7,"column":6},"end":{"line":7,"column":21}},{"start":{"line":8,"column":6},"end":{"line":9,"column":21}},{"start":{"line":10,"column":6},"end":{"line":12,"column":21}},{"start":{"line":13,"column":6},"end":{"line":14,"column":44}}],"line":6},"2":{"loc":{"start":{"line":19,"column":4},"end":{"line":19,"column":50}},"type":"if","locations":[{"start":{"line":19,"column":4},"end":{"line":19,"column":50}},{"start":{"line":19,"column":4},"end":{"line":19,"column":50}}],"line":19}},"s":{"0":1,"1":1,"2":1,"3":0,"4":1,"5":1,"6":0,"7":0,"8":0,"9":1,"10":1,"11":1,"12":0,"13":1},"f":{"0":1,"1":1},"b":{"0":[0,1],"1":[0,1,0,0],"2":[1,0]},"_coverageSchema":"1a1c01bbd47fc00a2c39e90264f33305004495a9","hash":"70a680ecbfa8f6f60fa610ec9cc6f804a9ff7d1d"}
,"/home/ricky/Documents/hacktiv8/final-project/mamed-server/middlewares/appointment-middleware.js": {"path":"/home/ricky/Documents/hacktiv8/final-project/mamed-server/middlewares/appointment-middleware.js","statementMap":{"0":{"start":{"line":1,"column":23},"end":{"line":1,"column":60}},"1":{"start":{"line":2,"column":24},"end":{"line":2,"column":56}},"2":{"start":{"line":5,"column":21},"end":{"line":19,"column":3}},"3":{"start":{"line":6,"column":4},"end":{"line":18,"column":5}},"4":{"start":{"line":7,"column":6},"end":{"line":7,"column":53}},"5":{"start":{"line":7,"column":40},"end":{"line":7,"column":53}},"6":{"start":{"line":8,"column":21},"end":{"line":8,"column":31}},"7":{"start":{"line":9,"column":26},"end":{"line":9,"column":63}},"8":{"start":{"line":10,"column":6},"end":{"line":14,"column":7}},"9":{"start":{"line":13,"column":10},"end":{"line":13,"column":23}},"10":{"start":{"line":15,"column":6},"end":{"line":15,"column":36}},"11":{"start":{"line":17,"column":6},"end":{"line":17,"column":17}},"12":{"start":{"line":22,"column":0},"end":{"line":22,"column":42}}},"fnMap":{"0":{"name":"(anonymous_0)","decl":{"start":{"line":5,"column":21},"end":{"line":5,"column":22}},"loc":{"start":{"line":5,"column":47},"end":{"line":19,"column":3}},"line":5}},"branchMap":{"0":{"loc":{"start":{"line":7,"column":6},"end":{"line":7,"column":53}},"type":"if","locations":[{"start":{"line":7,"column":6},"end":{"line":7,"column":53}},{"start":{"line":7,"column":6},"end":{"line":7,"column":53}}],"line":7},"1":{"loc":{"start":{"line":10,"column":6},"end":{"line":14,"column":7}},"type":"switch","locations":[{"start":{"line":11,"column":8},"end":{"line":11,"column":43}},{"start":{"line":12,"column":8},"end":{"line":13,"column":23}}],"line":10}},"s":{"0":1,"1":1,"2":1,"3":0,"4":0,"5":0,"6":0,"7":0,"8":0,"9":0,"10":0,"11":0,"12":1},"f":{"0":0},"b":{"0":[0,0],"1":[0,0]},"_coverageSchema":"1a1c01bbd47fc00a2c39e90264f33305004495a9","hash":"ba46d506e8e24c8998456a49e26a6e6b9ab9a63e"}
,"/home/ricky/Documents/hacktiv8/final-project/mamed-server/middlewares/auth-middleware.js": {"path":"/home/ricky/Documents/hacktiv8/final-project/mamed-server/middlewares/auth-middleware.js","statementMap":{"0":{"start":{"line":1,"column":23},"end":{"line":1,"column":60}},"1":{"start":{"line":2,"column":19},"end":{"line":2,"column":44}},"2":{"start":{"line":3,"column":20},"end":{"line":3,"column":48}},"3":{"start":{"line":5,"column":0},"end":{"line":39,"column":1}},"4":{"start":{"line":7,"column":4},"end":{"line":18,"column":5}},"5":{"start":{"line":8,"column":31},"end":{"line":8,"column":42}},"6":{"start":{"line":9,"column":6},"end":{"line":9,"column":56}},"7":{"start":{"line":9,"column":25},"end":{"line":9,"column":56}},"8":{"start":{"line":10,"column":29},"end":{"line":10,"column":49}},"9":{"start":{"line":11,"column":6},"end":{"line":11,"column":57}},"10":{"start":{"line":11,"column":26},"end":{"line":11,"column":57}},"11":{"start":{"line":12,"column":22},"end":{"line":12,"column":59}},"12":{"start":{"line":13,"column":6},"end":{"line":13,"column":51}},"13":{"start":{"line":13,"column":20},"end":{"line":13,"column":51}},"14":{"start":{"line":14,"column":6},"end":{"line":14,"column":38}},"15":{"start":{"line":15,"column":6},"end":{"line":15,"column":12}},"16":{"start":{"line":17,"column":6},"end":{"line":17,"column":17}},"17":{"start":{"line":21,"column":4},"end":{"line":27,"column":5}},"18":{"start":{"line":22,"column":6},"end":{"line":22,"column":66}},"19":{"start":{"line":22,"column":53},"end":{"line":22,"column":66}},"20":{"start":{"line":23,"column":6},"end":{"line":23,"column":64}},"21":{"start":{"line":23,"column":51},"end":{"line":23,"column":64}},"22":{"start":{"line":24,"column":6},"end":{"line":24,"column":36}},"23":{"start":{"line":26,"column":6},"end":{"line":26,"column":17}},"24":{"start":{"line":30,"column":4},"end":{"line":37,"column":5}},"25":{"start":{"line":31,"column":6},"end":{"line":31,"column":55}},"26":{"start":{"line":32,"column":6},"end":{"line":32,"column":65}},"27":{"start":{"line":32,"column":52},"end":{"line":32,"column":65}},"28":{"start":{"line":33,"column":6},"end":{"line":33,"column":64}},"29":{"start":{"line":33,"column":51},"end":{"line":33,"column":64}},"30":{"start":{"line":34,"column":6},"end":{"line":34,"column":36}},"31":{"start":{"line":36,"column":6},"end":{"line":36,"column":17}}},"fnMap":{"0":{"name":"(anonymous_0)","decl":{"start":{"line":6,"column":16},"end":{"line":6,"column":17}},"loc":{"start":{"line":6,"column":42},"end":{"line":19,"column":3}},"line":6},"1":{"name":"(anonymous_1)","decl":{"start":{"line":20,"column":20},"end":{"line":20,"column":21}},"loc":{"start":{"line":20,"column":46},"end":{"line":28,"column":3}},"line":20},"2":{"name":"(anonymous_2)","decl":{"start":{"line":29,"column":19},"end":{"line":29,"column":20}},"loc":{"start":{"line":29,"column":45},"end":{"line":38,"column":3}},"line":29}},"branchMap":{"0":{"loc":{"start":{"line":9,"column":6},"end":{"line":9,"column":56}},"type":"if","locations":[{"start":{"line":9,"column":6},"end":{"line":9,"column":56}},{"start":{"line":9,"column":6},"end":{"line":9,"column":56}}],"line":9},"1":{"loc":{"start":{"line":11,"column":6},"end":{"line":11,"column":57}},"type":"if","locations":[{"start":{"line":11,"column":6},"end":{"line":11,"column":57}},{"start":{"line":11,"column":6},"end":{"line":11,"column":57}}],"line":11},"2":{"loc":{"start":{"line":11,"column":10},"end":{"line":11,"column":24}},"type":"binary-expr","locations":[{"start":{"line":11,"column":10},"end":{"line":11,"column":16}},{"start":{"line":11,"column":20},"end":{"line":11,"column":24}}],"line":11},"3":{"loc":{"start":{"line":13,"column":6},"end":{"line":13,"column":51}},"type":"if","locations":[{"start":{"line":13,"column":6},"end":{"line":13,"column":51}},{"start":{"line":13,"column":6},"end":{"line":13,"column":51}}],"line":13},"4":{"loc":{"start":{"line":22,"column":6},"end":{"line":22,"column":66}},"type":"if","locations":[{"start":{"line":22,"column":6},"end":{"line":22,"column":66}},{"start":{"line":22,"column":6},"end":{"line":22,"column":66}}],"line":22},"5":{"loc":{"start":{"line":23,"column":6},"end":{"line":23,"column":64}},"type":"if","locations":[{"start":{"line":23,"column":6},"end":{"line":23,"column":64}},{"start":{"line":23,"column":6},"end":{"line":23,"column":64}}],"line":23},"6":{"loc":{"start":{"line":32,"column":6},"end":{"line":32,"column":65}},"type":"if","locations":[{"start":{"line":32,"column":6},"end":{"line":32,"column":65}},{"start":{"line":32,"column":6},"end":{"line":32,"column":65}}],"line":32},"7":{"loc":{"start":{"line":33,"column":6},"end":{"line":33,"column":64}},"type":"if","locations":[{"start":{"line":33,"column":6},"end":{"line":33,"column":64}},{"start":{"line":33,"column":6},"end":{"line":33,"column":64}}],"line":33}},"s":{"0":1,"1":1,"2":1,"3":1,"4":13,"5":13,"6":13,"7":3,"8":10,"9":10,"10":0,"11":10,"12":10,"13":0,"14":10,"15":10,"16":3,"17":0,"18":0,"19":0,"20":0,"21":0,"22":0,"23":0,"24":0,"25":0,"26":0,"27":0,"28":0,"29":0,"30":0,"31":0},"f":{"0":13,"1":0,"2":0},"b":{"0":[3,10],"1":[0,10],"2":[10,10],"3":[0,10],"4":[0,0],"5":[0,0],"6":[0,0],"7":[0,0]},"_coverageSchema":"1a1c01bbd47fc00a2c39e90264f33305004495a9","hash":"408f76a0fd479c0f15a947a5eaa183e4c1a7b6de"}
,"/home/ricky/Documents/hacktiv8/final-project/mamed-server/middlewares/error-handler.js": {"path":"/home/ricky/Documents/hacktiv8/final-project/mamed-server/middlewares/error-handler.js","statementMap":{"0":{"start":{"line":1,"column":23},"end":{"line":1,"column":60}},"1":{"start":{"line":3,"column":0},"end":{"line":54,"column":1}},"2":{"start":{"line":4,"column":2},"end":{"line":4,"column":23}},"3":{"start":{"line":7,"column":2},"end":{"line":51,"column":3}},"4":{"start":{"line":9,"column":6},"end":{"line":9,"column":18}},"5":{"start":{"line":10,"column":6},"end":{"line":10,"column":53}},"6":{"start":{"line":11,"column":6},"end":{"line":11,"column":11}},"7":{"start":{"line":13,"column":6},"end":{"line":13,"column":18}},"8":{"start":{"line":14,"column":6},"end":{"line":14,"column":45}},"9":{"start":{"line":15,"column":6},"end":{"line":15,"column":11}},"10":{"start":{"line":18,"column":6},"end":{"line":18,"column":18}},"11":{"start":{"line":19,"column":6},"end":{"line":19,"column":42}},"12":{"start":{"line":20,"column":6},"end":{"line":20,"column":11}},"13":{"start":{"line":22,"column":6},"end":{"line":22,"column":18}},"14":{"start":{"line":23,"column":6},"end":{"line":23,"column":39}},"15":{"start":{"line":24,"column":6},"end":{"line":24,"column":11}},"16":{"start":{"line":26,"column":6},"end":{"line":26,"column":18}},"17":{"start":{"line":27,"column":6},"end":{"line":27,"column":34}},"18":{"start":{"line":28,"column":6},"end":{"line":28,"column":11}},"19":{"start":{"line":30,"column":6},"end":{"line":30,"column":18}},"20":{"start":{"line":31,"column":6},"end":{"line":31,"column":52}},"21":{"start":{"line":32,"column":6},"end":{"line":32,"column":11}},"22":{"start":{"line":34,"column":6},"end":{"line":34,"column":18}},"23":{"start":{"line":35,"column":6},"end":{"line":35,"column":54}},"24":{"start":{"line":36,"column":6},"end":{"line":36,"column":11}},"25":{"start":{"line":38,"column":6},"end":{"line":38,"column":18}},"26":{"start":{"line":39,"column":6},"end":{"line":39,"column":63}},"27":{"start":{"line":40,"column":6},"end":{"line":40,"column":11}},"28":{"start":{"line":42,"column":6},"end":{"line":42,"column":18}},"29":{"start":{"line":43,"column":6},"end":{"line":43,"column":79}},"30":{"start":{"line":43,"column":65},"end":{"line":43,"column":78}},"31":{"start":{"line":44,"column":6},"end":{"line":44,"column":11}},"32":{"start":{"line":46,"column":6},"end":{"line":46,"column":66}},"33":{"start":{"line":47,"column":6},"end":{"line":47,"column":38}},"34":{"start":{"line":48,"column":6},"end":{"line":48,"column":18}},"35":{"start":{"line":49,"column":6},"end":{"line":49,"column":41}},"36":{"start":{"line":50,"column":6},"end":{"line":50,"column":11}},"37":{"start":{"line":53,"column":2},"end":{"line":53,"column":38}}},"fnMap":{"0":{"name":"(anonymous_0)","decl":{"start":{"line":3,"column":17},"end":{"line":3,"column":18}},"loc":{"start":{"line":3,"column":42},"end":{"line":54,"column":1}},"line":3},"1":{"name":"(anonymous_1)","decl":{"start":{"line":43,"column":47},"end":{"line":43,"column":48}},"loc":{"start":{"line":43,"column":65},"end":{"line":43,"column":78}},"line":43}},"branchMap":{"0":{"loc":{"start":{"line":7,"column":2},"end":{"line":51,"column":3}},"type":"switch","locations":[{"start":{"line":8,"column":4},"end":{"line":11,"column":11}},{"start":{"line":12,"column":4},"end":{"line":15,"column":11}},{"start":{"line":16,"column":4},"end":{"line":16,"column":29}},{"start":{"line":17,"column":4},"end":{"line":20,"column":11}},{"start":{"line":21,"column":4},"end":{"line":24,"column":11}},{"start":{"line":25,"column":4},"end":{"line":28,"column":11}},{"start":{"line":29,"column":4},"end":{"line":32,"column":11}},{"start":{"line":33,"column":4},"end":{"line":36,"column":11}},{"start":{"line":37,"column":4},"end":{"line":40,"column":11}},{"start":{"line":41,"column":4},"end":{"line":44,"column":11}},{"start":{"line":45,"column":4},"end":{"line":50,"column":11}}],"line":7}},"s":{"0":1,"1":1,"2":7,"3":7,"4":2,"5":2,"6":2,"7":1,"8":1,"9":1,"10":3,"11":3,"12":3,"13":0,"14":0,"15":0,"16":0,"17":0,"18":0,"19":0,"20":0,"21":0,"22":0,"23":0,"24":0,"25":0,"26":0,"27":0,"28":1,"29":1,"30":1,"31":1,"32":0,"33":0,"34":0,"35":0,"36":0,"37":7},"f":{"0":7,"1":1},"b":{"0":[2,1,0,3,0,0,0,0,0,1,0]},"_coverageSchema":"1a1c01bbd47fc00a2c39e90264f33305004495a9","hash":"56db14e40fefba052a927214204cd05778bed14c"}
,"/home/ricky/Documents/hacktiv8/final-project/mamed-server/middlewares/index.js": {"path":"/home/ricky/Documents/hacktiv8/final-project/mamed-server/middlewares/index.js","statementMap":{"0":{"start":{"line":1,"column":30},"end":{"line":1,"column":61}},"1":{"start":{"line":3,"column":0},"end":{"line":3,"column":38}}},"fnMap":{},"branchMap":{},"s":{"0":1,"1":1},"f":{},"b":{},"_coverageSchema":"1a1c01bbd47fc00a2c39e90264f33305004495a9","hash":"b20de7b37c57f2b73785982946246f40798edf71"}
,"/home/ricky/Documents/hacktiv8/final-project/mamed-server/middlewares/order-middleware.js": {"path":"/home/ricky/Documents/hacktiv8/final-project/mamed-server/middlewares/order-middleware.js","statementMap":{"0":{"start":{"line":1,"column":18},"end":{"line":1,"column":44}},"1":{"start":{"line":2,"column":24},"end":{"line":2,"column":56}},"2":{"start":{"line":4,"column":23},"end":{"line":4,"column":60}},"3":{"start":{"line":7,"column":21},"end":{"line":24,"column":3}},"4":{"start":{"line":8,"column":4},"end":{"line":23,"column":5}},"5":{"start":{"line":9,"column":6},"end":{"line":9,"column":53}},"6":{"start":{"line":9,"column":40},"end":{"line":9,"column":53}},"7":{"start":{"line":10,"column":32},"end":{"line":10,"column":42}},"8":{"start":{"line":11,"column":26},"end":{"line":11,"column":67}},"9":{"start":{"line":12,"column":6},"end":{"line":12,"column":55}},"10":{"start":{"line":13,"column":20},"end":{"line":13,"column":71}},"11":{"start":{"line":14,"column":6},"end":{"line":14,"column":44}},"12":{"start":{"line":14,"column":18},"end":{"line":14,"column":44}},"13":{"start":{"line":15,"column":6},"end":{"line":19,"column":7}},"14":{"start":{"line":18,"column":10},"end":{"line":18,"column":23}},"15":{"start":{"line":20,"column":6},"end":{"line":20,"column":36}},"16":{"start":{"line":22,"column":6},"end":{"line":22,"column":17}},"17":{"start":{"line":27,"column":0},"end":{"line":27,"column":36}}},"fnMap":{"0":{"name":"(anonymous_0)","decl":{"start":{"line":7,"column":21},"end":{"line":7,"column":22}},"loc":{"start":{"line":7,"column":47},"end":{"line":24,"column":3}},"line":7}},"branchMap":{"0":{"loc":{"start":{"line":9,"column":6},"end":{"line":9,"column":53}},"type":"if","locations":[{"start":{"line":9,"column":6},"end":{"line":9,"column":53}},{"start":{"line":9,"column":6},"end":{"line":9,"column":53}}],"line":9},"1":{"loc":{"start":{"line":14,"column":6},"end":{"line":14,"column":44}},"type":"if","locations":[{"start":{"line":14,"column":6},"end":{"line":14,"column":44}},{"start":{"line":14,"column":6},"end":{"line":14,"column":44}}],"line":14},"2":{"loc":{"start":{"line":15,"column":6},"end":{"line":19,"column":7}},"type":"switch","locations":[{"start":{"line":16,"column":8},"end":{"line":16,"column":43}},{"start":{"line":17,"column":8},"end":{"line":18,"column":23}}],"line":15}},"s":{"0":1,"1":1,"2":1,"3":1,"4":0,"5":0,"6":0,"7":0,"8":0,"9":0,"10":0,"11":0,"12":0,"13":0,"14":0,"15":0,"16":0,"17":1},"f":{"0":0},"b":{"0":[0,0],"1":[0,0],"2":[0,0]},"_coverageSchema":"1a1c01bbd47fc00a2c39e90264f33305004495a9","hash":"34558efa9f8750c8fe35d957d65d548e6227be87"}
,"/home/ricky/Documents/hacktiv8/final-project/mamed-server/models/account.js": {"path":"/home/ricky/Documents/hacktiv8/final-project/mamed-server/models/account.js","statementMap":{"0":{"start":{"line":1,"column":26},"end":{"line":1,"column":45}},"1":{"start":{"line":2,"column":20},"end":{"line":2,"column":48}},"2":{"start":{"line":4,"column":16},"end":{"line":11,"column":1}},"3":{"start":{"line":9,"column":4},"end":{"line":9,"column":18}},"4":{"start":{"line":13,"column":22},"end":{"line":20,"column":1}},"5":{"start":{"line":15,"column":20},"end":{"line":15,"column":61}},"6":{"start":{"line":16,"column":4},"end":{"line":16,"column":29}},"7":{"start":{"line":16,"column":18},"end":{"line":16,"column":29}},"8":{"start":{"line":17,"column":4},"end":{"line":17,"column":33}},"9":{"start":{"line":19,"column":22},"end":{"line":19,"column":52}},"10":{"start":{"line":22,"column":22},"end":{"line":33,"column":1}},"11":{"start":{"line":35,"column":0},"end":{"line":39,"column":2}},"12":{"start":{"line":36,"column":2},"end":{"line":36,"column":49}},"13":{"start":{"line":36,"column":36},"end":{"line":36,"column":49}},"14":{"start":{"line":37,"column":2},"end":{"line":37,"column":40}},"15":{"start":{"line":38,"column":2},"end":{"line":38,"column":8}},"16":{"start":{"line":41,"column":20},"end":{"line":41,"column":43}},"17":{"start":{"line":43,"column":23},"end":{"line":47,"column":2}},"18":{"start":{"line":49,"column":21},"end":{"line":56,"column":1}},"19":{"start":{"line":58,"column":22},"end":{"line":65,"column":1}},"20":{"start":{"line":67,"column":16},"end":{"line":67,"column":51}},"21":{"start":{"line":68,"column":14},"end":{"line":68,"column":57}},"22":{"start":{"line":69,"column":15},"end":{"line":69,"column":60}},"23":{"start":{"line":70,"column":16},"end":{"line":70,"column":63}},"24":{"start":{"line":72,"column":0},"end":{"line":77,"column":1}}},"fnMap":{"0":{"name":"(anonymous_0)","decl":{"start":{"line":8,"column":13},"end":{"line":8,"column":14}},"loc":{"start":{"line":8,"column":33},"end":{"line":10,"column":3}},"line":8},"1":{"name":"(anonymous_1)","decl":{"start":{"line":14,"column":13},"end":{"line":14,"column":14}},"loc":{"start":{"line":14,"column":36},"end":{"line":18,"column":3}},"line":14},"2":{"name":"(anonymous_2)","decl":{"start":{"line":19,"column":11},"end":{"line":19,"column":12}},"loc":{"start":{"line":19,"column":22},"end":{"line":19,"column":52}},"line":19},"3":{"name":"(anonymous_3)","decl":{"start":{"line":35,"column":26},"end":{"line":35,"column":27}},"loc":{"start":{"line":35,"column":42},"end":{"line":39,"column":1}},"line":35}},"branchMap":{"0":{"loc":{"start":{"line":16,"column":4},"end":{"line":16,"column":29}},"type":"if","locations":[{"start":{"line":16,"column":4},"end":{"line":16,"column":29}},{"start":{"line":16,"column":4},"end":{"line":16,"column":29}}],"line":16},"1":{"loc":{"start":{"line":36,"column":2},"end":{"line":36,"column":49}},"type":"if","locations":[{"start":{"line":36,"column":2},"end":{"line":36,"column":49}},{"start":{"line":36,"column":2},"end":{"line":36,"column":49}}],"line":36}},"s":{"0":1,"1":1,"2":1,"3":0,"4":1,"5":8,"6":8,"7":3,"8":5,"9":1,"10":1,"11":1,"12":7,"13":3,"14":4,"15":4,"16":1,"17":1,"18":1,"19":1,"20":1,"21":1,"22":1,"23":1,"24":1},"f":{"0":0,"1":8,"2":1,"3":7},"b":{"0":[3,5],"1":[3,4]},"_coverageSchema":"1a1c01bbd47fc00a2c39e90264f33305004495a9","hash":"95bc7a2de60aee76a5f43364892d79aed0f976ab"}
,"/home/ricky/Documents/hacktiv8/final-project/mamed-server/models/appointment.js": {"path":"/home/ricky/Documents/hacktiv8/final-project/mamed-server/models/appointment.js","statementMap":{"0":{"start":{"line":1,"column":26},"end":{"line":1,"column":45}},"1":{"start":{"line":3,"column":16},"end":{"line":9,"column":1}},"2":{"start":{"line":7,"column":4},"end":{"line":7,"column":18}},"3":{"start":{"line":11,"column":26},"end":{"line":23,"column":1}},"4":{"start":{"line":25,"column":0},"end":{"line":27,"column":2}},"5":{"start":{"line":26,"column":2},"end":{"line":26,"column":55}},"6":{"start":{"line":29,"column":20},"end":{"line":29,"column":63}},"7":{"start":{"line":31,"column":0},"end":{"line":31,"column":32}}},"fnMap":{"0":{"name":"(anonymous_0)","decl":{"start":{"line":6,"column":13},"end":{"line":6,"column":14}},"loc":{"start":{"line":6,"column":33},"end":{"line":8,"column":3}},"line":6},"1":{"name":"(anonymous_1)","decl":{"start":{"line":25,"column":30},"end":{"line":25,"column":31}},"loc":{"start":{"line":25,"column":42},"end":{"line":27,"column":1}},"line":25}},"branchMap":{},"s":{"0":1,"1":1,"2":0,"3":1,"4":1,"5":0,"6":1,"7":1},"f":{"0":0,"1":0},"b":{},"_coverageSchema":"1a1c01bbd47fc00a2c39e90264f33305004495a9","hash":"c750b2b35cf4ef0e8a2cd83e42a340c951cb2428"}
,"/home/ricky/Documents/hacktiv8/final-project/mamed-server/models/medicine.js": {"path":"/home/ricky/Documents/hacktiv8/final-project/mamed-server/models/medicine.js","statementMap":{"0":{"start":{"line":1,"column":26},"end":{"line":1,"column":45}},"1":{"start":{"line":3,"column":16},"end":{"line":9,"column":1}},"2":{"start":{"line":7,"column":4},"end":{"line":7,"column":18}},"3":{"start":{"line":11,"column":23},"end":{"line":18,"column":1}},"4":{"start":{"line":20,"column":17},"end":{"line":20,"column":54}},"5":{"start":{"line":22,"column":0},"end":{"line":22,"column":29}}},"fnMap":{"0":{"name":"(anonymous_0)","decl":{"start":{"line":6,"column":13},"end":{"line":6,"column":14}},"loc":{"start":{"line":6,"column":33},"end":{"line":8,"column":3}},"line":6}},"branchMap":{},"s":{"0":1,"1":1,"2":0,"3":1,"4":1,"5":1},"f":{"0":0},"b":{},"_coverageSchema":"1a1c01bbd47fc00a2c39e90264f33305004495a9","hash":"93381fd87caaf056ddf5349fe9e4cdda8483ea65"}
,"/home/ricky/Documents/hacktiv8/final-project/mamed-server/models/order.js": {"path":"/home/ricky/Documents/hacktiv8/final-project/mamed-server/models/order.js","statementMap":{"0":{"start":{"line":1,"column":26},"end":{"line":1,"column":45}},"1":{"start":{"line":3,"column":16},"end":{"line":9,"column":1}},"2":{"start":{"line":7,"column":4},"end":{"line":7,"column":18}},"3":{"start":{"line":11,"column":23},"end":{"line":16,"column":2}},"4":{"start":{"line":18,"column":20},"end":{"line":25,"column":1}},"5":{"start":{"line":27,"column":14},"end":{"line":27,"column":45}},"6":{"start":{"line":29,"column":0},"end":{"line":29,"column":26}}},"fnMap":{"0":{"name":"(anonymous_0)","decl":{"start":{"line":6,"column":13},"end":{"line":6,"column":14}},"loc":{"start":{"line":6,"column":33},"end":{"line":8,"column":3}},"line":6}},"branchMap":{},"s":{"0":1,"1":1,"2":0,"3":1,"4":1,"5":1,"6":1},"f":{"0":0},"b":{},"_coverageSchema":"1a1c01bbd47fc00a2c39e90264f33305004495a9","hash":"8178c902748dc345c2139391030d64b20da30326"}
,"/home/ricky/Documents/hacktiv8/final-project/mamed-server/routes/account-routes.js": {"path":"/home/ricky/Documents/hacktiv8/final-project/mamed-server/routes/account-routes.js","statementMap":{"0":{"start":{"line":1,"column":30},"end":{"line":1,"column":55}},"1":{"start":{"line":2,"column":30},"end":{"line":2,"column":55}},"2":{"start":{"line":4,"column":15},"end":{"line":4,"column":42}},"3":{"start":{"line":6,"column":0},"end":{"line":13,"column":3}},"4":{"start":{"line":15,"column":0},"end":{"line":15,"column":45}},"5":{"start":{"line":17,"column":0},"end":{"line":21,"column":35}},"6":{"start":{"line":23,"column":0},"end":{"line":23,"column":23}}},"fnMap":{},"branchMap":{},"s":{"0":1,"1":1,"2":1,"3":1,"4":1,"5":1,"6":1},"f":{},"b":{},"_coverageSchema":"1a1c01bbd47fc00a2c39e90264f33305004495a9","hash":"9cfddb584ba48cb10cb7bdadb12cdce563ea49e8"}
,"/home/ricky/Documents/hacktiv8/final-project/mamed-server/routes/appointment-routes.js": {"path":"/home/ricky/Documents/hacktiv8/final-project/mamed-server/routes/appointment-routes.js","statementMap":{"0":{"start":{"line":1,"column":34},"end":{"line":1,"column":59}},"1":{"start":{"line":4,"column":4},"end":{"line":4,"column":52}},"2":{"start":{"line":8,"column":4},"end":{"line":8,"column":45}},"3":{"start":{"line":10,"column":15},"end":{"line":10,"column":42}},"4":{"start":{"line":12,"column":0},"end":{"line":15,"column":37}},"5":{"start":{"line":17,"column":0},"end":{"line":30,"column":3}},"6":{"start":{"line":32,"column":0},"end":{"line":32,"column":23}}},"fnMap":{},"branchMap":{},"s":{"0":1,"1":1,"2":1,"3":1,"4":1,"5":1,"6":1},"f":{},"b":{},"_coverageSchema":"1a1c01bbd47fc00a2c39e90264f33305004495a9","hash":"50d0063db89a9e8b5853cf4d8965aedebb3ab175"}
,"/home/ricky/Documents/hacktiv8/final-project/mamed-server/routes/auth-routes.js": {"path":"/home/ricky/Documents/hacktiv8/final-project/mamed-server/routes/auth-routes.js","statementMap":{"0":{"start":{"line":1,"column":27},"end":{"line":1,"column":52}},"1":{"start":{"line":3,"column":15},"end":{"line":3,"column":42}},"2":{"start":{"line":5,"column":0},"end":{"line":5,"column":49}},"3":{"start":{"line":6,"column":0},"end":{"line":6,"column":43}},"4":{"start":{"line":8,"column":0},"end":{"line":8,"column":23}}},"fnMap":{},"branchMap":{},"s":{"0":1,"1":1,"2":1,"3":1,"4":1},"f":{},"b":{},"_coverageSchema":"1a1c01bbd47fc00a2c39e90264f33305004495a9","hash":"16ab1e87feff4fc143b4d7acca0332ee9bd7ac06"}
,"/home/ricky/Documents/hacktiv8/final-project/mamed-server/routes/index.js": {"path":"/home/ricky/Documents/hacktiv8/final-project/mamed-server/routes/index.js","statementMap":{"0":{"start":{"line":1,"column":15},"end":{"line":1,"column":42}},"1":{"start":{"line":3,"column":19},"end":{"line":3,"column":43}},"2":{"start":{"line":4,"column":22},"end":{"line":4,"column":49}},"3":{"start":{"line":5,"column":23},"end":{"line":5,"column":51}},"4":{"start":{"line":6,"column":26},"end":{"line":6,"column":57}},"5":{"start":{"line":7,"column":20},"end":{"line":7,"column":45}},"6":{"start":{"line":8,"column":25},"end":{"line":8,"column":66}},"7":{"start":{"line":10,"column":0},"end":{"line":10,"column":27}},"8":{"start":{"line":11,"column":0},"end":{"line":11,"column":24}},"9":{"start":{"line":12,"column":0},"end":{"line":12,"column":38}},"10":{"start":{"line":13,"column":0},"end":{"line":13,"column":40}},"11":{"start":{"line":14,"column":0},"end":{"line":14,"column":46}},"12":{"start":{"line":15,"column":0},"end":{"line":15,"column":34}},"13":{"start":{"line":17,"column":0},"end":{"line":17,"column":23}}},"fnMap":{},"branchMap":{},"s":{"0":1,"1":1,"2":1,"3":1,"4":1,"5":1,"6":1,"7":1,"8":1,"9":1,"10":1,"11":1,"12":1,"13":1},"f":{},"b":{},"_coverageSchema":"1a1c01bbd47fc00a2c39e90264f33305004495a9","hash":"004cad366868ff8dafcb08a751befd2d17719e79"}
,"/home/ricky/Documents/hacktiv8/final-project/mamed-server/routes/medicine-routes.js": {"path":"/home/ricky/Documents/hacktiv8/final-project/mamed-server/routes/medicine-routes.js","statementMap":{"0":{"start":{"line":1,"column":31},"end":{"line":1,"column":56}},"1":{"start":{"line":2,"column":28},"end":{"line":2,"column":69}},"2":{"start":{"line":4,"column":15},"end":{"line":4,"column":42}},"3":{"start":{"line":6,"column":0},"end":{"line":9,"column":34}},"4":{"start":{"line":11,"column":0},"end":{"line":15,"column":53}},"5":{"start":{"line":17,"column":0},"end":{"line":17,"column":23}}},"fnMap":{},"branchMap":{},"s":{"0":1,"1":1,"2":1,"3":1,"4":1,"5":1},"f":{},"b":{},"_coverageSchema":"1a1c01bbd47fc00a2c39e90264f33305004495a9","hash":"0b41347c1aa2e2e66e813b32463920544b70ed77"}
,"/home/ricky/Documents/hacktiv8/final-project/mamed-server/routes/order-routes.js": {"path":"/home/ricky/Documents/hacktiv8/final-project/mamed-server/routes/order-routes.js","statementMap":{"0":{"start":{"line":1,"column":28},"end":{"line":1,"column":53}},"1":{"start":{"line":2,"column":28},"end":{"line":2,"column":69}},"2":{"start":{"line":3,"column":28},"end":{"line":3,"column":70}},"3":{"start":{"line":5,"column":15},"end":{"line":5,"column":42}},"4":{"start":{"line":7,"column":0},"end":{"line":7,"column":46}},"5":{"start":{"line":9,"column":0},"end":{"line":14,"column":77}},"6":{"start":{"line":16,"column":0},"end":{"line":16,"column":23}}},"fnMap":{},"branchMap":{},"s":{"0":1,"1":1,"2":1,"3":1,"4":1,"5":1,"6":1},"f":{},"b":{},"_coverageSchema":"1a1c01bbd47fc00a2c39e90264f33305004495a9","hash":"aceea5e5a7ff0fd505feda1aa018c34906af2bd3"}
}
