TN:
SF:app.js
FN:21,(anonymous_0)
FN:22,(anonymous_1)
FNF:2
FNH:1
FNDA:4,(anonymous_0)
FNDA:0,(anonymous_1)
DA:1,4
DA:2,4
DA:4,4
DA:5,4
DA:6,4
DA:8,4
DA:9,4
DA:11,4
DA:12,4
DA:13,4
DA:15,4
DA:21,4
DA:22,0
DA:24,4
DA:25,4
DA:27,4
DA:29,4
DA:30,4
LF:18
LH:17
BRDA:2,0,0,4
BRDA:2,0,1,0
BRDA:2,1,0,4
BRDA:2,1,1,4
BRF:4
BRH:3
end_of_record
TN:
SF:controllers/account-controller.js
FN:4,(anonymous_0)
FN:12,(anonymous_1)
FN:23,(anonymous_2)
FN:31,(anonymous_3)
FN:39,(anonymous_4)
FN:59,(anonymous_5)
FNF:6
FNH:6
FNDA:1,(anonymous_0)
FNDA:1,(anonymous_1)
FNDA:3,(anonymous_2)
FNDA:2,(anonymous_3)
FNDA:2,(anonymous_4)
FNDA:1,(anonymous_5)
DA:1,4
DA:4,4
DA:5,1
DA:6,1
DA:7,1
DA:9,0
DA:12,4
DA:13,1
DA:14,1
DA:15,1
DA:16,1
DA:17,1
DA:18,1
DA:20,0
DA:23,4
DA:24,3
DA:25,3
DA:26,3
DA:28,0
DA:31,4
DA:32,2
DA:33,2
DA:34,2
DA:36,0
DA:39,4
DA:40,2
DA:41,2
DA:42,2
DA:43,1
DA:44,1
DA:46,2
DA:47,2
DA:48,2
DA:49,2
DA:50,2
DA:53,2
DA:54,2
DA:56,0
DA:59,4
DA:60,1
DA:61,1
DA:62,1
DA:64,0
DA:69,4
LF:44
LH:38
BRDA:42,0,0,1
BRDA:42,0,1,1
BRDA:46,1,0,1
BRDA:46,1,1,1
BRDA:47,2,0,1
BRDA:47,2,1,1
BRF:6
BRH:6
end_of_record
TN:
SF:controllers/appointment-controller.js
FN:6,(anonymous_0)
FN:26,(anonymous_1)
FN:45,(anonymous_2)
FN:53,(anonymous_3)
FN:67,(anonymous_4)
FN:82,(anonymous_5)
FNF:6
FNH:6
FNDA:2,(anonymous_0)
FNDA:3,(anonymous_1)
FNDA:2,(anonymous_2)
FNDA:1,(anonymous_3)
FNDA:1,(anonymous_4)
FNDA:1,(anonymous_5)
DA:1,4
DA:2,4
DA:3,4
DA:6,4
DA:7,2
DA:8,2
DA:9,2
DA:10,2
DA:11,2
DA:17,2
DA:21,2
DA:23,0
DA:26,4
DA:27,3
DA:28,3
DA:29,3
DA:31,1
DA:32,1
DA:34,2
DA:35,2
DA:37,3
DA:40,3
DA:42,0
DA:45,4
DA:46,2
DA:47,2
DA:48,2
DA:50,0
DA:53,4
DA:54,1
DA:55,1
DA:62,1
DA:64,0
DA:67,4
DA:68,1
DA:69,1
DA:70,1
DA:77,1
DA:79,0
DA:82,4
DA:83,1
DA:84,1
DA:85,1
DA:87,0
DA:92,4
LF:45
LH:39
BRDA:10,0,0,0
BRDA:10,0,1,2
BRDA:10,1,0,2
BRDA:10,1,1,2
BRDA:29,2,0,1
BRDA:29,2,1,2
BRF:6
BRH:5
end_of_record
TN:
SF:controllers/auth-controller.js
FN:7,(anonymous_0)
FN:16,(anonymous_1)
FNF:2
FNH:2
FNDA:2,(anonymous_0)
FNDA:10,(anonymous_1)
DA:1,4
DA:2,4
DA:3,4
DA:4,4
DA:5,4
DA:7,4
DA:8,2
DA:9,2
DA:10,1
DA:11,1
DA:13,1
DA:16,4
DA:17,10
DA:18,10
DA:19,10
DA:20,8
DA:21,8
DA:22,8
DA:23,7
DA:25,3
DA:30,4
LF:21
LH:21
BRDA:19,0,0,2
BRDA:19,0,1,8
BRDA:19,1,0,10
BRDA:19,1,1,9
BRDA:21,2,0,0
BRDA:21,2,1,8
BRDA:22,3,0,1
BRDA:22,3,1,7
BRF:8
BRH:7
end_of_record
TN:
SF:controllers/index.js
FNF:0
FNH:0
DA:1,4
DA:2,4
DA:3,4
DA:4,4
DA:5,4
DA:7,4
LF:6
LH:6
BRF:0
BRH:0
end_of_record
TN:
SF:controllers/medicine-controller.js
FN:4,(anonymous_0)
FN:13,(anonymous_1)
FN:21,(anonymous_2)
FN:29,(anonymous_3)
FN:41,(anonymous_4)
FNF:5
FNH:5
FNDA:2,(anonymous_0)
FNDA:1,(anonymous_1)
FNDA:2,(anonymous_2)
FNDA:2,(anonymous_3)
FNDA:2,(anonymous_4)
DA:1,4
DA:4,4
DA:5,2
DA:6,2
DA:7,1
DA:8,1
DA:10,1
DA:13,4
DA:14,1
DA:15,1
DA:16,1
DA:18,0
DA:21,4
DA:22,2
DA:23,2
DA:24,1
DA:26,1
DA:29,4
DA:30,2
DA:31,2
DA:36,1
DA:38,1
DA:41,4
DA:42,2
DA:43,2
DA:44,1
DA:46,1
DA:51,4
LF:28
LH:27
BRF:0
BRH:0
end_of_record
TN:
SF:controllers/order-controller.js
FN:8,(anonymous_0)
FN:12,(anonymous_1)
FN:21,(anonymous_2)
FN:31,(anonymous_3)
FN:46,(anonymous_4)
FN:71,(anonymous_5)
FN:89,(anonymous_6)
FN:101,(anonymous_7)
FNF:8
FNH:0
FNDA:0,(anonymous_0)
FNDA:0,(anonymous_1)
FNDA:0,(anonymous_2)
FNDA:0,(anonymous_3)
FNDA:0,(anonymous_4)
FNDA:0,(anonymous_5)
FNDA:0,(anonymous_6)
FNDA:0,(anonymous_7)
DA:1,4
DA:2,4
DA:3,4
DA:4,4
DA:5,4
DA:8,4
DA:12,4
DA:13,0
DA:14,0
DA:15,0
DA:19,0
DA:20,0
DA:22,0
DA:23,0
DA:24,0
DA:27,0
DA:28,0
DA:31,0
DA:37,0
DA:41,0
DA:43,0
DA:46,4
DA:47,0
DA:48,0
DA:49,0
DA:51,0
DA:52,0
DA:54,0
DA:55,0
DA:57,0
DA:65,0
DA:66,0
DA:68,0
DA:71,4
DA:72,0
DA:73,0
DA:74,0
DA:84,0
DA:86,0
DA:89,4
DA:90,0
DA:91,0
DA:92,0
DA:93,0
DA:94,0
DA:95,0
DA:96,0
DA:98,0
DA:101,4
DA:102,0
DA:103,0
DA:104,0
DA:105,0
DA:107,0
DA:112,4
LF:55
LH:12
BRDA:19,0,0,0
BRDA:19,0,1,0
BRDA:49,1,0,0
BRDA:49,1,1,0
BRF:4
BRH:0
end_of_record
TN:
SF:helpers/bcrypt.js
FN:5,(anonymous_0)
FN:9,(anonymous_1)
FNF:2
FNH:2
FNDA:9,(anonymous_0)
FNDA:8,(anonymous_1)
DA:1,4
DA:3,4
DA:5,4
DA:6,9
DA:9,4
DA:10,8
DA:13,4
LF:7
LH:7
BRF:0
BRH:0
end_of_record
TN:
SF:helpers/db-connection.js
FN:2,(anonymous_0)
FNF:1
FNH:1
FNDA:9,(anonymous_0)
DA:1,4
DA:2,4
DA:3,9
DA:4,9
DA:6,0
DA:8,9
DA:10,0
DA:14,4
DA:18,4
LF:9
LH:7
BRDA:4,0,0,0
BRDA:4,0,1,9
BRDA:4,0,2,0
BRF:3
BRH:1
end_of_record
TN:
SF:helpers/error-formatter.js
FN:1,(anonymous_0)
FNF:1
FNH:1
FNDA:32,(anonymous_0)
DA:1,4
DA:2,32
DA:3,32
DA:4,32
DA:7,4
LF:5
LH:5
BRF:0
BRH:0
end_of_record
TN:
SF:helpers/jwt.js
FN:4,(anonymous_0)
FN:5,(anonymous_1)
FNF:2
FNH:2
FNDA:7,(anonymous_0)
FNDA:32,(anonymous_1)
DA:1,4
DA:2,4
DA:4,7
DA:5,32
DA:7,4
LF:5
LH:5
BRF:0
BRH:0
end_of_record
TN:
SF:middlewares/account-middleware.js
FN:4,(anonymous_0)
FN:18,(anonymous_1)
FNF:2
FNH:2
FNDA:1,(anonymous_0)
FNDA:1,(anonymous_1)
DA:1,4
DA:4,4
DA:5,1
DA:6,1
DA:9,1
DA:11,0
DA:12,0
DA:14,0
DA:18,4
DA:19,1
DA:20,0
DA:24,4
LF:12
LH:8
BRDA:5,0,0,0
BRDA:5,0,1,1
BRDA:6,1,0,0
BRDA:6,1,1,1
BRDA:6,1,2,0
BRDA:6,1,3,0
BRDA:19,2,0,1
BRDA:19,2,1,0
BRF:8
BRH:3
end_of_record
TN:
SF:middlewares/appointment-middleware.js
FN:5,(anonymous_0)
FNF:1
FNH:1
FNDA:6,(anonymous_0)
DA:1,4
DA:2,4
DA:5,4
DA:6,6
DA:7,6
DA:8,4
DA:9,4
DA:10,4
DA:13,3
DA:15,1
DA:17,1
DA:22,4
LF:12
LH:12
BRDA:7,0,0,2
BRDA:7,0,1,4
BRDA:10,1,0,2
BRDA:10,1,1,3
BRF:4
BRH:4
end_of_record
TN:
SF:middlewares/auth-middleware.js
FN:6,(anonymous_0)
FN:20,(anonymous_1)
FN:29,(anonymous_2)
FNF:3
FNH:3
FNDA:43,(anonymous_0)
FNDA:3,(anonymous_1)
FNDA:8,(anonymous_2)
DA:1,4
DA:2,4
DA:3,4
DA:5,4
DA:7,43
DA:8,43
DA:9,43
DA:10,32
DA:11,31
DA:12,31
DA:13,31
DA:14,31
DA:15,31
DA:17,12
DA:21,3
DA:22,3
DA:23,1
DA:24,1
DA:26,1
DA:30,8
DA:31,8
DA:32,8
DA:33,7
DA:34,0
DA:36,0
LF:25
LH:23
BRDA:9,0,0,11
BRDA:9,0,1,32
BRDA:11,1,0,0
BRDA:11,1,1,31
BRDA:11,2,0,31
BRDA:11,2,1,31
BRDA:13,3,0,0
BRDA:13,3,1,31
BRDA:22,4,0,2
BRDA:22,4,1,1
BRDA:23,5,0,0
BRDA:23,5,1,1
BRDA:32,6,0,1
BRDA:32,6,1,7
BRDA:33,7,0,7
BRDA:33,7,1,0
BRF:16
BRH:12
end_of_record
TN:
SF:middlewares/error-handler.js
FN:3,(anonymous_0)
FN:43,(anonymous_1)
FNF:2
FNH:2
FNDA:22,(anonymous_0)
FNDA:2,(anonymous_1)
DA:1,4
DA:3,4
DA:4,22
DA:7,22
DA:9,2
DA:10,2
DA:11,2
DA:13,1
DA:14,1
DA:15,1
DA:18,12
DA:19,12
DA:20,12
DA:22,2
DA:23,2
DA:24,2
DA:26,0
DA:27,0
DA:28,0
DA:30,0
DA:31,0
DA:32,0
DA:34,0
DA:35,0
DA:36,0
DA:38,0
DA:39,0
DA:40,0
DA:42,2
DA:43,2
DA:44,2
DA:46,3
DA:47,3
DA:48,3
DA:49,3
DA:50,3
DA:53,22
LF:37
LH:25
BRDA:7,0,0,2
BRDA:7,0,1,1
BRDA:7,0,2,1
BRDA:7,0,3,12
BRDA:7,0,4,2
BRDA:7,0,5,0
BRDA:7,0,6,0
BRDA:7,0,7,0
BRDA:7,0,8,0
BRDA:7,0,9,2
BRDA:7,0,10,3
BRF:11
BRH:7
end_of_record
TN:
SF:middlewares/index.js
FNF:0
FNH:0
DA:1,4
DA:3,4
LF:2
LH:2
BRF:0
BRH:0
end_of_record
TN:
SF:middlewares/order-middleware.js
FN:7,(anonymous_0)
FNF:1
FNH:0
FNDA:0,(anonymous_0)
DA:1,4
DA:2,4
DA:4,4
DA:7,4
DA:8,0
DA:9,0
DA:10,0
DA:11,0
DA:12,0
DA:13,0
DA:14,0
DA:15,0
DA:18,0
DA:20,0
DA:22,0
DA:27,4
LF:16
LH:5
BRDA:9,0,0,0
BRDA:9,0,1,0
BRDA:14,1,0,0
BRDA:14,1,1,0
BRDA:15,2,0,0
BRDA:15,2,1,0
BRF:6
BRH:0
end_of_record
TN:
SF:models/account.js
FN:8,(anonymous_0)
FN:14,(anonymous_1)
FN:19,(anonymous_2)
FN:35,(anonymous_3)
FNF:4
FNH:3
FNDA:0,(anonymous_0)
FNDA:13,(anonymous_1)
FNDA:1,(anonymous_2)
FNDA:12,(anonymous_3)
DA:1,4
DA:2,4
DA:4,4
DA:9,0
DA:13,4
DA:15,13
DA:16,13
DA:17,5
DA:19,1
DA:22,4
DA:35,4
DA:36,12
DA:37,9
DA:38,9
DA:41,4
DA:43,4
DA:49,4
DA:58,4
DA:67,4
DA:68,4
DA:69,4
DA:70,4
DA:72,4
LF:23
LH:22
BRDA:16,0,0,8
BRDA:16,0,1,5
BRDA:36,1,0,3
BRDA:36,1,1,9
BRF:4
BRH:4
end_of_record
TN:
SF:models/appointment.js
FN:22,(anonymous_0)
FNF:1
FNH:1
FNDA:2,(anonymous_0)
DA:1,4
DA:3,4
DA:8,4
DA:22,4
DA:23,2
DA:26,4
DA:28,4
LF:7
LH:7
BRF:0
BRH:0
end_of_record
TN:
SF:models/medicine.js
FN:6,(anonymous_0)
FNF:1
FNH:0
FNDA:0,(anonymous_0)
DA:1,4
DA:3,4
DA:7,0
DA:11,4
DA:20,4
DA:22,4
LF:6
LH:5
BRF:0
BRH:0
end_of_record
TN:
SF:models/order.js
FN:6,(anonymous_0)
FNF:1
FNH:0
FNDA:0,(anonymous_0)
DA:1,4
DA:3,4
DA:7,0
DA:11,4
DA:18,4
DA:27,4
DA:29,4
LF:7
LH:6
BRF:0
BRH:0
end_of_record
TN:
SF:routes/account-routes.js
FNF:0
FNH:0
DA:1,4
DA:2,4
DA:4,4
DA:6,4
DA:15,4
DA:17,4
DA:23,4
LF:7
LH:7
BRF:0
BRH:0
end_of_record
TN:
SF:routes/appointment-routes.js
FNF:0
FNH:0
DA:1,4
DA:4,4
DA:8,4
DA:10,4
DA:12,4
DA:17,4
DA:32,4
LF:7
LH:7
BRF:0
BRH:0
end_of_record
TN:
SF:routes/auth-routes.js
FNF:0
FNH:0
DA:1,4
DA:3,4
DA:5,4
DA:6,4
DA:8,4
LF:5
LH:5
BRF:0
BRH:0
end_of_record
TN:
SF:routes/index.js
FNF:0
FNH:0
DA:1,4
DA:3,4
DA:4,4
DA:5,4
DA:6,4
DA:7,4
DA:8,4
DA:10,4
DA:11,4
DA:12,4
DA:13,4
DA:14,4
DA:15,4
DA:17,4
LF:14
LH:14
BRF:0
BRH:0
end_of_record
TN:
SF:routes/medicine-routes.js
FNF:0
FNH:0
DA:1,4
DA:2,4
DA:4,4
DA:6,4
DA:11,4
DA:17,4
LF:6
LH:6
BRF:0
BRH:0
end_of_record
TN:
SF:routes/order-routes.js
FNF:0
FNH:0
DA:1,4
DA:2,4
DA:3,4
DA:5,4
DA:7,4
DA:9,4
DA:16,4
LF:7
LH:7
BRF:0
BRH:0
end_of_record
